#
# A fatal error has been detected by the Java Runtime Environment:
#
#  Internal Error (0xc000000d), pid=12384, tid=0x00000000000047dc
#
# JRE version: Java(TM) SE Runtime Environment (8.0_111-b14) (build 1.8.0_111-b14)
# Java VM: Java HotSpot(TM) 64-Bit Server VM (25.111-b14 mixed mode windows-amd64 compressed oops)
# Problematic frame:
# C  [ntdll.dll+0x112174]
#
# Failed to write core dump. Minidumps are not enabled by default on client versions of Windows
#
# If you would like to submit a bug report, please visit:
#   http://bugreport.java.com/bugreport/crash.jsp
#

---------------  T H R E A D  ---------------

Current thread (0x0000000015326000):  VMThread [stack: 0x0000000015d90000,0x0000000015e90000] [id=18396]

siginfo: ExceptionCode=0xc000000d

Registers:
RAX=0x0000000100010004, RBX=0x0000000017127210, RCX=0x0000000000000004, RDX=0x000000001b2be37a
RSP=0x0000000015e8e600, RBP=0x00007ffe8f598560, RSI=0x00000000170b9040, RDI=0x0000000000000000
R8 =0x0000000000000000, R9 =0x0000000015e8f240, R10=0x0000000015e8f1d0, R11=0x0000000000000000
R12=0x0000000017127210, R13=0x00007ffe7f6ae540, R14=0x0000000015e8e798, R15=0x00007ffe8f598560
RIP=0x00007ffe97b42174, EFLAGS=0x0000000000000206

Top of Stack: (sp=0x0000000015e8e600)
0x0000000015e8e600:   0000000000000057 0000000017127210
0x0000000015e8e610:   00000000170b9040 0000000000000000
0x0000000015e8e620:   00000000c000000d 0000000000000000
0x0000000015e8e630:   00007ffe97b42174 0000000000000000
0x0000000015e8e640:   0000000000000000 0000000000000000
0x0000000015e8e650:   0000000000000000 0000000000000000
0x0000000015e8e660:   0000000000000000 0000000000000000
0x0000000015e8e670:   0000000000000000 0000000000000000
0x0000000015e8e680:   0000000000000000 0000000000000000
0x0000000015e8e690:   0000000000000000 0000000000000000
0x0000000015e8e6a0:   0000000000000000 0000000000000000
0x0000000015e8e6b0:   0000000000000000 000000000e00000e
0x0000000015e8e6c0:   0000f8d5b743af05 00000000c6081fd1
0x0000000015e8e6d0:   0000000000000000 00007ffe97adae81
0x0000000015e8e6e0:   0000000000000af8 00000000170b8f50
0x0000000015e8e6f0:   00007ffe7f6ae540 0000000000000af8 

Instructions: (pc=0x00007ffe97b42174)
0x00007ffe97b42154:   1c f9 ff c7 44 24 20 0d 00 00 c0 b9 57 00 00 00
0x00007ffe97b42164:   e8 07 e6 f3 ff 90 48 8d 4c 24 20 e8 ac ee f3 ff
0x00007ffe97b42174:   eb 00 48 8b 8c 24 c0 00 00 00 48 33 cc e8 aa a0
0x00007ffe97b42184:   f7 ff 48 81 c4 d8 00 00 00 c3 cc 40 55 48 83 ec 


Register to memory mapping:

RAX=0x0000000100010004 is pointing into metadata
RBX=0x0000000017127210 is an unknown value
RCX=0x0000000000000004 is an unknown value
RDX=0x000000001b2be37a is an unknown value
RSP=0x0000000015e8e600 is an unknown value
RBP=0x00007ffe8f598560 is an unknown value
RSI=0x00000000170b9040 is an unknown value
RDI=0x0000000000000000 is an unknown value
R8 =0x0000000000000000 is an unknown value
R9 =0x0000000015e8f240 is an unknown value
R10=0x0000000015e8f1d0 is an unknown value
R11=0x0000000000000000 is an unknown value
R12=0x0000000017127210 is an unknown value
R13=0x00007ffe7f6ae540 is an unknown value
R14=0x0000000015e8e798 is an unknown value
R15=0x00007ffe8f598560 is an unknown value


Stack: [0x0000000015d90000,0x0000000015e90000],  sp=0x0000000015e8e600,  free space=1017k
Native frames: (J=compiled Java code, j=interpreted, Vv=VM code, C=native code)
C  [ntdll.dll+0x112174]
C  [ntdll.dll+0xaae81]
C  [KERNELBASE.dll+0x6c3a9]
C  [RTWorkQ.DLL+0x791d]
C  [RTWorkQ.DLL+0x7882]
C  [RTWorkQ.DLL+0x83ec]
C  [RTWorkQ.DLL+0x6321]
C  [RTWorkQ.DLL+0x6285]
C  [RTWorkQ.DLL+0x613e]
C  [FrameServerClient.dll+0x407bc]
C  [FrameServerClient.dll+0x27c42]
C  [FrameServerClient.dll+0x40ca5]
C  [RTWorkQ.DLL+0x11bc3]
C  [RTWorkQ.DLL+0x7419]
C  [RTWorkQ.DLL+0xbf83]
C  [RTWorkQ.DLL+0xbeba]
C  [FrameServerClient.dll+0x40869]
C  [FrameServerClient.dll+0x27500]
C  [FrameServerClient.dll+0x24057]
C  [FrameServerClient.dll+0x1f3a4]
C  [FrameServerClient.dll+0x16a79]
C  [FrameServerClient.dll+0x11313]
C  [FrameServerClient.dll+0xc95e]
C  [FrameServerClient.dll+0x86f2]
C  [MFCORE.dll+0x2d5b50]
C  [MFCORE.dll+0x2d16bf]
C  [MFCORE.dll+0x2d5139]
C  [MFReadWrite.dll+0xec05]
C  [MFReadWrite.dll+0x25bef]
C  [ATL.DLL+0x3411]
C  [mfksproxy.dll+0x13815]
C  [mfksproxy.dll+0x149a4]
C  [ATL.DLL+0x3411]
C  [mfksproxy.dll+0x2160]
C  [mfksproxy.dll+0x1ee4]
C  [mfksproxy.dll+0x3326b]
C  [opencv_videoio320.dll+0x11f03]
C  [opencv_videoio320.dll+0x115af]
C  [opencv_videoio320.dll+0x29450]
C  [opencv_videoio320.dll+0x25434]
C  [opencv_videoio320.dll+0x256b6]
C  [ntdll.dll+0x19a1d]
C  [ntdll.dll+0x5db91]
C  [ntdll.dll+0x5da2d]
C  [KERNEL32.DLL+0x1e0ab]
C  [msvcr100.dll+0x20ccd]
V  [jvm.dll+0x212ca5]
V  [jvm.dll+0x24ba27]
V  [jvm.dll+0x24acc6]
V  [jvm.dll+0x24b161]
V  [jvm.dll+0x24b37e]
V  [jvm.dll+0x29c43a]
C  [msvcr100.dll+0x21d9f]
C  [msvcr100.dll+0x21e3b]
C  [KERNEL32.DLL+0x17034]
C  [ntdll.dll+0x52651]

VM_Operation (0x000000001a79cee0): Exit, mode: safepoint, requested by thread 0x000000001724d800


---------------  P R O C E S S  ---------------

Java Threads: ( => current thread )
  0x00000000177fb000 JavaThread "JavaCPP Deallocator" daemon [_thread_blocked, id=4000, stack(0x000000001afa0000,0x000000001b0a0000)]
  0x00000000174f6800 JavaThread "TimerQueue" daemon [_thread_blocked, id=1572, stack(0x000000001bea0000,0x000000001bfa0000)]
  0x0000000002cce000 JavaThread "DestroyJavaVM" [_thread_blocked, id=5044, stack(0x0000000002b60000,0x0000000002c60000)]
  0x000000001724d800 JavaThread "AWT-EventQueue-0" [_thread_blocked, id=13452, stack(0x000000001a6a0000,0x000000001a7a0000)]
  0x0000000017232000 JavaThread "AWT-Shutdown" [_thread_blocked, id=9352, stack(0x0000000017a50000,0x0000000017b50000)]
  0x0000000017231000 JavaThread "Java2D Disposer" daemon [_thread_blocked, id=7124, stack(0x0000000017950000,0x0000000017a50000)]
  0x00000000153c4000 JavaThread "Service Thread" daemon [_thread_blocked, id=18588, stack(0x00000000165b0000,0x00000000166b0000)]
  0x00000000153b6000 JavaThread "C1 CompilerThread1" daemon [_thread_blocked, id=1812, stack(0x00000000164b0000,0x00000000165b0000)]
  0x000000001535b800 JavaThread "C2 CompilerThread0" daemon [_thread_blocked, id=19208, stack(0x00000000163b0000,0x00000000164b0000)]
  0x000000001535a000 JavaThread "Attach Listener" daemon [_thread_blocked, id=13396, stack(0x00000000162b0000,0x00000000163b0000)]
  0x0000000015356800 JavaThread "Signal Dispatcher" daemon [_thread_blocked, id=9904, stack(0x00000000161b0000,0x00000000162b0000)]
  0x0000000015348800 JavaThread "Finalizer" daemon [_thread_blocked, id=20556, stack(0x0000000015f90000,0x0000000016090000)]
  0x0000000002ebc800 JavaThread "Reference Handler" daemon [_thread_blocked, id=7376, stack(0x0000000015e90000,0x0000000015f90000)]

Other Threads:
=>0x0000000015326000 VMThread [stack: 0x0000000015d90000,0x0000000015e90000] [id=18396]

VM state:at safepoint (shutting down)

VM Mutex/Monitor currently owned by a thread:  ([mutex/lock_event])
[0x0000000002ccd270] Threads_lock - owner thread: 0x0000000015326000

Heap:
 PSYoungGen      total 18944K, used 10179K [0x00000000eab00000, 0x00000000ec000000, 0x0000000100000000)
  eden space 16384K, 46% used [0x00000000eab00000,0x00000000eb270c10,0x00000000ebb00000)
  from space 2560K, 100% used [0x00000000ebd80000,0x00000000ec000000,0x00000000ec000000)
  to   space 2560K, 0% used [0x00000000ebb00000,0x00000000ebb00000,0x00000000ebd80000)
 ParOldGen       total 44032K, used 2239K [0x00000000c0000000, 0x00000000c2b00000, 0x00000000eab00000)
  object space 44032K, 5% used [0x00000000c0000000,0x00000000c022fd38,0x00000000c2b00000)
 Metaspace       used 18467K, capacity 18734K, committed 19072K, reserved 1067008K
  class space    used 2282K, capacity 2360K, committed 2432K, reserved 1048576K

Card table byte_map: [0x0000000012290000,0x00000000124a0000] byte_map_base: 0x0000000011c90000

Marking Bits: (ParMarkBitMap*) 0x00000000514da6c0
 Begin Bits: [0x0000000012800000, 0x0000000013800000)
 End Bits:   [0x0000000013800000, 0x0000000014800000)

Polling page: 0x0000000001210000

CodeCache: size=245760Kb used=6622Kb max_used=6628Kb free=239137Kb
 bounds [0x0000000002ed0000, 0x0000000003550000, 0x0000000011ed0000]
 total_blobs=2581 nmethods=1931 adapters=563
 compilation: enabled

Compilation events (10 events):
Event: 60.604 Thread 0x00000000153b6000 1941       3       java.awt.Component::processEvent (220 bytes)
Event: 60.605 Thread 0x00000000153b6000 nmethod 1941 0x0000000003546f50 code [0x00000000035471e0, 0x0000000003548b28]
Event: 61.388 Thread 0x00000000153b6000 1942  s    3       sun.java2d.ScreenUpdateManager::getInstance (39 bytes)
Event: 61.388 Thread 0x00000000153b6000 nmethod 1942 0x00000000035499d0 code [0x0000000003549c00, 0x000000000354aa88]
Event: 62.566 Thread 0x000000001535b800 1943       4       java.awt.Component::getCursor_NoClientCode (30 bytes)
Event: 62.567 Thread 0x000000001535b800 nmethod 1943 0x0000000003546c50 code [0x0000000003546da0, 0x0000000003546e68]
Event: 63.058 Thread 0x000000001535b800 1944       4       sun.awt.SunToolkit::getAppContext (42 bytes)
Event: 63.060 Thread 0x000000001535b800 nmethod 1944 0x0000000003546950 code [0x0000000003546aa0, 0x0000000003546b58]
Event: 63.075 Thread 0x00000000153b6000 1945       3       sun.awt.windows.WComponentPeer::handleJavaMouseEvent (76 bytes)
Event: 63.076 Thread 0x00000000153b6000 nmethod 1945 0x000000000354c750 code [0x000000000354c980, 0x000000000354d798]

GC Heap History (4 events):
Event: 52.232 GC heap before
{Heap before GC invocations=1 (full 0):
 PSYoungGen      total 18944K, used 16384K [0x00000000eab00000, 0x00000000ec000000, 0x0000000100000000)
  eden space 16384K, 100% used [0x00000000eab00000,0x00000000ebb00000,0x00000000ebb00000)
  from space 2560K, 0% used [0x00000000ebd80000,0x00000000ebd80000,0x00000000ec000000)
  to   space 2560K, 0% used [0x00000000ebb00000,0x00000000ebb00000,0x00000000ebd80000)
 ParOldGen       total 44032K, used 0K [0x00000000c0000000, 0x00000000c2b00000, 0x00000000eab00000)
  object space 44032K, 0% used [0x00000000c0000000,0x00000000c0000000,0x00000000c2b00000)
 Metaspace       used 15188K, capacity 15488K, committed 15872K, reserved 1062912K
  class space    used 1933K, capacity 2007K, committed 2048K, reserved 1048576K
Event: 52.244 GC heap after
Heap after GC invocations=1 (full 0):
 PSYoungGen      total 18944K, used 2560K [0x00000000eab00000, 0x00000000ec000000, 0x0000000100000000)
  eden space 16384K, 0% used [0x00000000eab00000,0x00000000eab00000,0x00000000ebb00000)
  from space 2560K, 100% used [0x00000000ebb00000,0x00000000ebd80000,0x00000000ebd80000)
  to   space 2560K, 0% used [0x00000000ebd80000,0x00000000ebd80000,0x00000000ec000000)
 ParOldGen       total 44032K, used 678K [0x00000000c0000000, 0x00000000c2b00000, 0x00000000eab00000)
  object space 44032K, 1% used [0x00000000c0000000,0x00000000c00a9ad8,0x00000000c2b00000)
 Metaspace       used 15188K, capacity 15488K, committed 15872K, reserved 1062912K
  class space    used 1933K, capacity 2007K, committed 2048K, reserved 1048576K
}
Event: 56.377 GC heap before
{Heap before GC invocations=2 (full 0):
 PSYoungGen      total 18944K, used 18944K [0x00000000eab00000, 0x00000000ec000000, 0x0000000100000000)
  eden space 16384K, 100% used [0x00000000eab00000,0x00000000ebb00000,0x00000000ebb00000)
  from space 2560K, 100% used [0x00000000ebb00000,0x00000000ebd80000,0x00000000ebd80000)
  to   space 2560K, 0% used [0x00000000ebd80000,0x00000000ebd80000,0x00000000ec000000)
 ParOldGen       total 44032K, used 678K [0x00000000c0000000, 0x00000000c2b00000, 0x00000000eab00000)
  object space 44032K, 1% used [0x00000000c0000000,0x00000000c00a9ad8,0x00000000c2b00000)
 Metaspace       used 18072K, capacity 18342K, committed 18688K, reserved 1064960K
  class space    used 2227K, capacity 2296K, committed 2304K, reserved 1048576K
Event: 56.388 GC heap after
Heap after GC invocations=2 (full 0):
 PSYoungGen      total 18944K, used 2560K [0x00000000eab00000, 0x00000000ec000000, 0x0000000100000000)
  eden space 16384K, 0% used [0x00000000eab00000,0x00000000eab00000,0x00000000ebb00000)
  from space 2560K, 100% used [0x00000000ebd80000,0x00000000ec000000,0x00000000ec000000)
  to   space 2560K, 0% used [0x00000000ebb00000,0x00000000ebb00000,0x00000000ebd80000)
 ParOldGen       total 44032K, used 2239K [0x00000000c0000000, 0x00000000c2b00000, 0x00000000eab00000)
  object space 44032K, 5% used [0x00000000c0000000,0x00000000c022fd38,0x00000000c2b00000)
 Metaspace       used 18072K, capacity 18342K, committed 18688K, reserved 1064960K
  class space    used 2227K, capacity 2296K, committed 2304K, reserved 1048576K
}

Deoptimization events (10 events):
Event: 55.157 Thread 0x000000001724d800 Uncommon trap: reason=unstable_if action=reinterpret pc=0x00000000031e476c method=java.util.HashMap.getNode(ILjava/lang/Object;)Ljava/util/HashMap$Node; @ 62
Event: 55.157 Thread 0x000000001724d800 Uncommon trap: reason=bimorphic action=maybe_recompile pc=0x0000000003144f00 method=java.util.HashMap.putVal(ILjava/lang/Object;Ljava/lang/Object;ZZ)Ljava/lang/Object; @ 91
Event: 55.157 Thread 0x000000001724d800 Uncommon trap: reason=unstable_if action=reinterpret pc=0x00000000031dd404 method=java.util.HashMap.getNode(ILjava/lang/Object;)Ljava/util/HashMap$Node; @ 62
Event: 55.157 Thread 0x000000001724d800 Uncommon trap: reason=bimorphic action=maybe_recompile pc=0x0000000003144f00 method=java.util.HashMap.putVal(ILjava/lang/Object;Ljava/lang/Object;ZZ)Ljava/lang/Object; @ 91
Event: 55.157 Thread 0x000000001724d800 Uncommon trap: reason=bimorphic action=maybe_recompile pc=0x0000000003144f00 method=java.util.HashMap.putVal(ILjava/lang/Object;Ljava/lang/Object;ZZ)Ljava/lang/Object; @ 91
Event: 55.158 Thread 0x000000001724d800 Uncommon trap: reason=bimorphic action=maybe_recompile pc=0x0000000003144f00 method=java.util.HashMap.putVal(ILjava/lang/Object;Ljava/lang/Object;ZZ)Ljava/lang/Object; @ 91
Event: 55.173 Thread 0x000000001724d800 Uncommon trap: reason=class_check action=maybe_recompile pc=0x0000000003414e90 method=java.util.HashMap.putVal(ILjava/lang/Object;Ljava/lang/Object;ZZ)Ljava/lang/Object; @ 203
Event: 55.173 Thread 0x000000001724d800 Uncommon trap: reason=class_check action=maybe_recompile pc=0x0000000003414e90 method=java.util.HashMap.putVal(ILjava/lang/Object;Ljava/lang/Object;ZZ)Ljava/lang/Object; @ 203
Event: 55.173 Thread 0x000000001724d800 Uncommon trap: reason=class_check action=maybe_recompile pc=0x0000000003414e90 method=java.util.HashMap.putVal(ILjava/lang/Object;Ljava/lang/Object;ZZ)Ljava/lang/Object; @ 203
Event: 55.173 Thread 0x000000001724d800 Uncommon trap: reason=class_check action=maybe_recompile pc=0x0000000003414e90 method=java.util.HashMap.putVal(ILjava/lang/Object;Ljava/lang/Object;ZZ)Ljava/lang/Object; @ 203

Internal exceptions (10 events):
Event: 0.446 Thread 0x0000000002cce000 Exception <a 'java/security/PrivilegedActionException'> (0x00000000ead0aaf8) thrown at [C:\re\workspace\8-2-build-windows-amd64-cygwin\jdk8u111\7883\hotspot\src\share\vm\prims\jvm.cpp, line 1386]
Event: 0.448 Thread 0x0000000002cce000 Exception <a 'java/security/PrivilegedActionException'> (0x00000000ead0e9e0) thrown at [C:\re\workspace\8-2-build-windows-amd64-cygwin\jdk8u111\7883\hotspot\src\share\vm\prims\jvm.cpp, line 1386]
Event: 0.448 Thread 0x0000000002cce000 Exception <a 'java/security/PrivilegedActionException'> (0x00000000ead0ebf0) thrown at [C:\re\workspace\8-2-build-windows-amd64-cygwin\jdk8u111\7883\hotspot\src\share\vm\prims\jvm.cpp, line 1386]
Event: 1.595 Thread 0x0000000002cce000 Exception <a 'java/io/FileNotFoundException'> (0x00000000eb0ccce0) thrown at [C:\re\workspace\8-2-build-windows-amd64-cygwin\jdk8u111\7883\hotspot\src\share\vm\prims\jni.cpp, line 709]
Event: 1.661 Thread 0x0000000002cce000 Exception <a 'java/lang/NoSuchFieldError': method resolution failed> (0x00000000eb199a98) thrown at [C:\re\workspace\8-2-build-windows-amd64-cygwin\jdk8u111\7883\hotspot\src\share\vm\prims\methodHandles.cpp, line 1146]
Event: 1.666 Thread 0x0000000002cce000 Exception <a 'java/lang/NoSuchFieldError': method resolution failed> (0x00000000eb1a6db8) thrown at [C:\re\workspace\8-2-build-windows-amd64-cygwin\jdk8u111\7883\hotspot\src\share\vm\prims\methodHandles.cpp, line 1146]
Event: 1.731 Thread 0x0000000002cce000 Exception <a 'java/io/FileNotFoundException'> (0x00000000eb23a188) thrown at [C:\re\workspace\8-2-build-windows-amd64-cygwin\jdk8u111\7883\hotspot\src\share\vm\prims\jni.cpp, line 709]
Event: 57.001 Thread 0x000000001724d800 Exception <a 'java/lang/NullPointerException'> (0x00000000eb224750) thrown at [C:\re\workspace\8-2-build-windows-amd64-cygwin\jdk8u111\7883\hotspot\src\share\vm\interpreter\linkResolver.cpp, line 1178]
Event: 57.001 Thread 0x000000001724d800 Exception <a 'java/lang/NullPointerException'> (0x00000000eb224750) thrown at [C:\re\workspace\8-2-build-windows-amd64-cygwin\jdk8u111\7883\hotspot\src\share\vm\prims\jvm.cpp, line 1390]
Event: 57.001 Thread 0x000000001724d800 Exception <a 'java/lang/NullPointerException'> (0x00000000eb224750) thrown at [C:\re\workspace\8-2-build-windows-amd64-cygwin\jdk8u111\7883\hotspot\src\share\vm\prims\jvm.cpp, line 1390]

Events (10 events):
Event: 57.002 loading class java/lang/Throwable$WrappedPrintStream done
Event: 63.445 Thread 0x0000000016ca4800 Thread added: 0x0000000016ca4800
Event: 63.445 Thread 0x0000000016ca5800 Thread added: 0x0000000016ca5800
Event: 63.446 Thread 0x0000000016ca4800 Thread exited: 0x0000000016ca4800
Event: 63.446 Thread 0x00000000172d9800 Thread exited: 0x00000000172d9800
Event: 63.447 loading class sun/java2d/pipe/hw/AccelDeviceEventNotifier
Event: 63.447 loading class sun/java2d/pipe/hw/AccelDeviceEventNotifier done
Event: 63.498 Thread 0x0000000017233000 Thread exited: 0x0000000017233000
Event: 63.551 Thread 0x0000000016ca5800 Thread exited: 0x0000000016ca5800
Event: 63.556 Executing VM operation: Exit


Dynamic libraries:
0x00007ff75eef0000 - 0x00007ff75ef27000 	C:\Program Files\Java\jdk1.8.0_111\bin\java.exe
0x00007ffe97a30000 - 0x00007ffe97c25000 	C:\WINDOWS\SYSTEM32\ntdll.dll
0x00007ffe96030000 - 0x00007ffe960ee000 	C:\WINDOWS\System32\KERNEL32.DLL
0x00007ffe95150000 - 0x00007ffe95419000 	C:\WINDOWS\System32\KERNELBASE.dll
0x00007ffe96af0000 - 0x00007ffe96b9c000 	C:\WINDOWS\System32\ADVAPI32.dll
0x00007ffe976d0000 - 0x00007ffe9776e000 	C:\WINDOWS\System32\msvcrt.dll
0x00007ffe972b0000 - 0x00007ffe9734b000 	C:\WINDOWS\System32\sechost.dll
0x00007ffe96c30000 - 0x00007ffe96d5a000 	C:\WINDOWS\System32\RPCRT4.dll
0x00007ffe97840000 - 0x00007ffe979e1000 	C:\WINDOWS\System32\USER32.dll
0x00007ffe95a50000 - 0x00007ffe95a72000 	C:\WINDOWS\System32\win32u.dll
0x00007ffe97570000 - 0x00007ffe9759b000 	C:\WINDOWS\System32\GDI32.dll
0x00007ffe957b0000 - 0x00007ffe958bb000 	C:\WINDOWS\System32\gdi32full.dll
0x00007ffe95580000 - 0x00007ffe9561d000 	C:\WINDOWS\System32\msvcp_win.dll
0x00007ffe95950000 - 0x00007ffe95a50000 	C:\WINDOWS\System32\ucrtbase.dll
0x00007ffe86330000 - 0x00007ffe865ca000 	C:\WINDOWS\WinSxS\amd64_microsoft.windows.common-controls_6595b64144ccf1df_6.0.19041.1110_none_60b5254171f9507e\COMCTL32.dll
0x00007ffe96910000 - 0x00007ffe96940000 	C:\WINDOWS\System32\IMM32.DLL
0x0000000050be0000 - 0x0000000050cb2000 	C:\Program Files\Java\jdk1.8.0_111\jre\bin\msvcr100.dll
0x0000000050cc0000 - 0x000000005155a000 	C:\Program Files\Java\jdk1.8.0_111\jre\bin\server\jvm.dll
0x00007ffe97480000 - 0x00007ffe97488000 	C:\WINDOWS\System32\PSAPI.DLL
0x00007ffe92560000 - 0x00007ffe92569000 	C:\WINDOWS\SYSTEM32\WSOCK32.dll
0x00007ffe96dc0000 - 0x00007ffe96e2b000 	C:\WINDOWS\System32\WS2_32.dll
0x00007ffe92570000 - 0x00007ffe92597000 	C:\WINDOWS\SYSTEM32\WINMM.dll
0x00007ffe8d190000 - 0x00007ffe8d19a000 	C:\WINDOWS\SYSTEM32\VERSION.dll
0x0000000050b90000 - 0x0000000050b9f000 	C:\Program Files\Java\jdk1.8.0_111\jre\bin\verify.dll
0x0000000050b60000 - 0x0000000050b89000 	C:\Program Files\Java\jdk1.8.0_111\jre\bin\java.dll
0x0000000050b40000 - 0x0000000050b56000 	C:\Program Files\Java\jdk1.8.0_111\jre\bin\zip.dll
0x00007ffe96150000 - 0x00007ffe9688f000 	C:\WINDOWS\System32\SHELL32.dll
0x00007ffe93020000 - 0x00007ffe937b0000 	C:\WINDOWS\SYSTEM32\windows.storage.dll
0x00007ffe95cd0000 - 0x00007ffe96025000 	C:\WINDOWS\System32\combase.dll
0x00007ffe94b30000 - 0x00007ffe94b5c000 	C:\WINDOWS\SYSTEM32\Wldp.dll
0x00007ffe97790000 - 0x00007ffe9783d000 	C:\WINDOWS\System32\SHCORE.dll
0x00007ffe95a80000 - 0x00007ffe95ad5000 	C:\WINDOWS\System32\shlwapi.dll
0x00007ffe95090000 - 0x00007ffe950af000 	C:\WINDOWS\SYSTEM32\profapi.dll
0x00007ffe94a30000 - 0x00007ffe94a48000 	C:\WINDOWS\SYSTEM32\CRYPTSP.dll
0x00007ffe941b0000 - 0x00007ffe941e4000 	C:\WINDOWS\system32\rsaenh.dll
0x00007ffe95620000 - 0x00007ffe95647000 	C:\WINDOWS\System32\bcrypt.dll
0x00007ffe95050000 - 0x00007ffe9507e000 	C:\WINDOWS\SYSTEM32\USERENV.dll
0x00007ffe958c0000 - 0x00007ffe95943000 	C:\WINDOWS\System32\bcryptprimitives.dll
0x00007ffe94a20000 - 0x00007ffe94a2c000 	C:\WINDOWS\SYSTEM32\CRYPTBASE.dll
0x0000000050b20000 - 0x0000000050b3a000 	C:\Program Files\Java\jdk1.8.0_111\jre\bin\net.dll
0x00007ffe94830000 - 0x00007ffe9489a000 	C:\WINDOWS\system32\mswsock.dll
0x00007ffe94520000 - 0x00007ffe9455b000 	C:\WINDOWS\SYSTEM32\IPHLPAPI.DLL
0x00007ffe97560000 - 0x00007ffe97568000 	C:\WINDOWS\System32\NSI.dll
0x00007ffe8d630000 - 0x00007ffe8d647000 	C:\WINDOWS\SYSTEM32\dhcpcsvc6.DLL
0x00007ffe8d4e0000 - 0x00007ffe8d4fd000 	C:\WINDOWS\SYSTEM32\dhcpcsvc.DLL
0x00007ffe94560000 - 0x00007ffe9462c000 	C:\WINDOWS\SYSTEM32\DNSAPI.dll
0x0000000050b00000 - 0x0000000050b11000 	C:\Program Files\Java\jdk1.8.0_111\jre\bin\nio.dll
0x0000000070400000 - 0x00000000704f7000 	C:\Users\Lucas\AppData\Local\Temp\sqlite-3.23.1-c2bbfb11-69d7-4784-b09c-78e0195ba70b-sqlitejdbc.dll
0x0000000050960000 - 0x0000000050af8000 	C:\Program Files\Java\jdk1.8.0_111\jre\bin\awt.dll
0x00007ffe97490000 - 0x00007ffe9755d000 	C:\WINDOWS\System32\OLEAUT32.dll
0x00007ffe92670000 - 0x00007ffe92700000 	C:\WINDOWS\SYSTEM32\apphelp.dll
0x00007ffe92a00000 - 0x00007ffe92a2f000 	C:\WINDOWS\system32\DWMAPI.DLL
0x00007ffe92810000 - 0x00007ffe928ae000 	C:\WINDOWS\system32\uxtheme.dll
0x00007ffe97350000 - 0x00007ffe97465000 	C:\WINDOWS\System32\MSCTF.dll
0x00007ffe975a0000 - 0x00007ffe976ca000 	C:\WINDOWS\System32\ole32.dll
0x00007ffe93a00000 - 0x00007ffe93a12000 	C:\WINDOWS\SYSTEM32\kernel.appcore.dll
0x00007ffe903d0000 - 0x00007ffe9040b000 	C:\WINDOWS\SYSTEM32\dxcore.dll
0x00007ffe95420000 - 0x00007ffe9546e000 	C:\WINDOWS\System32\cfgmgr32.dll
0x0000000050910000 - 0x0000000050957000 	C:\Program Files\Java\jdk1.8.0_111\jre\bin\fontmanager.dll
0x00007ffe95b40000 - 0x00007ffe95be9000 	C:\WINDOWS\System32\clbcatq.dll
0x00007ffe8e520000 - 0x00007ffe8e6d4000 	C:\WINDOWS\SYSTEM32\WindowsCodecs.dll
0x00007ffe82a10000 - 0x00007ffe82a4e000 	C:\WINDOWS\system32\dataexchange.dll
0x00007ffe91530000 - 0x00007ffe91794000 	C:\WINDOWS\system32\d3d11.dll
0x00007ffe91900000 - 0x00007ffe91ae5000 	C:\WINDOWS\system32\dcomp.dll
0x00007ffe93a20000 - 0x00007ffe93b14000 	C:\WINDOWS\system32\dxgi.dll
0x00007ffe8e8b0000 - 0x00007ffe8eab1000 	C:\WINDOWS\system32\twinapi.appcore.dll
0x00000000508c0000 - 0x0000000050902000 	C:\Program Files\Java\jdk1.8.0_111\jre\bin\t2k.dll
0x00007ffe847a0000 - 0x00007ffe84899000 	C:\WINDOWS\SYSTEM32\textinputframework.dll
0x00007ffe91fb0000 - 0x00007ffe9230e000 	C:\WINDOWS\System32\CoreUIComponents.dll
0x00007ffe92310000 - 0x00007ffe92402000 	C:\WINDOWS\System32\CoreMessaging.dll
0x00007ffe93e60000 - 0x00007ffe93e93000 	C:\WINDOWS\SYSTEM32\ntmarta.dll
0x00007ffe917a0000 - 0x00007ffe918f4000 	C:\WINDOWS\SYSTEM32\wintypes.dll
0x00007ffe80010000 - 0x00007ffe800ff000 	C:\Users\Lucas\.javacpp\cache\opencv-windows-x86_64.jar\org\bytedeco\javacpp\windows-x86_64\msvcr120.dll
0x00007ffe7f6c0000 - 0x00007ffe7f766000 	C:\Users\Lucas\.javacpp\cache\opencv-windows-x86_64.jar\org\bytedeco\javacpp\windows-x86_64\msvcp120.dll
0x00007ffe49690000 - 0x00007ffe49918000 	C:\Users\Lucas\.javacpp\cache\opencv-windows-x86_64.jar\org\bytedeco\javacpp\windows-x86_64\opencv_core320.dll
0x00007ffe3aa50000 - 0x00007ffe3adb2000 	C:\Users\Lucas\.javacpp\cache\opencv-windows-x86_64.jar\org\bytedeco\javacpp\windows-x86_64\opencv_imgproc320.dll
0x00007ffe49020000 - 0x00007ffe4926a000 	C:\Users\Lucas\.javacpp\cache\opencv-windows-x86_64.jar\org\bytedeco\javacpp\windows-x86_64\jniopencv_core.dll
0x00007ffe7f450000 - 0x00007ffe7f540000 	C:\Users\Lucas\.javacpp\cache\opencv-windows-x86_64.jar\org\bytedeco\javacpp\windows-x86_64\jniopencv_imgproc.dll
0x00007ffe44aa0000 - 0x00007ffe44d6a000 	C:\Users\Lucas\.javacpp\cache\opencv-windows-x86_64.jar\org\bytedeco\javacpp\windows-x86_64\opencv_imgcodecs320.dll
0x00007ffe8e280000 - 0x00007ffe8e2a5000 	C:\Users\Lucas\.javacpp\cache\opencv-windows-x86_64.jar\org\bytedeco\javacpp\windows-x86_64\jniopencv_imgcodecs.dll
0x00007ffe81280000 - 0x00007ffe812ce000 	C:\Users\Lucas\.javacpp\cache\opencv-windows-x86_64.jar\org\bytedeco\javacpp\windows-x86_64\opencv_videoio320.dll
0x00007ffe88b90000 - 0x00007ffe88bbb000 	C:\WINDOWS\SYSTEM32\MSVFW32.dll
0x00007ffe848c0000 - 0x00007ffe848e1000 	C:\WINDOWS\SYSTEM32\AVIFIL32.dll
0x00007ffe8de40000 - 0x00007ffe8de59000 	C:\WINDOWS\SYSTEM32\AVICAP32.dll
0x00007ffe8e250000 - 0x00007ffe8e26e000 	C:\WINDOWS\SYSTEM32\MSACM32.dll
0x00007ffe80850000 - 0x00007ffe80876000 	C:\WINDOWS\SYSTEM32\winmmbase.dll
0x00007ffe8b350000 - 0x00007ffe8b367000 	C:\Users\Lucas\.javacpp\cache\opencv-windows-x86_64.jar\org\bytedeco\javacpp\windows-x86_64\jniopencv_videoio.dll
0x00007ffe8a8b0000 - 0x00007ffe8a8cd000 	C:\Windows\System32\devenum.dll
0x00007ffe96e30000 - 0x00007ffe972a2000 	C:\WINDOWS\System32\setupapi.dll
0x00007ffe94d50000 - 0x00007ffe94d84000 	C:\WINDOWS\SYSTEM32\DEVOBJ.dll
0x00007ffe95520000 - 0x00007ffe95580000 	C:\WINDOWS\System32\WINTRUST.dll
0x00007ffe95650000 - 0x00007ffe957a6000 	C:\WINDOWS\System32\CRYPT32.dll
0x00007ffe94d30000 - 0x00007ffe94d42000 	C:\WINDOWS\SYSTEM32\MSASN1.dll
0x00007ffe8e270000 - 0x00007ffe8e27b000 	C:\WINDOWS\SYSTEM32\msdmo.dll
0x00007ffe831e0000 - 0x00007ffe83216000 	C:\Windows\System32\qcap.dll
0x00007ffe4f590000 - 0x00007ffe4f760000 	C:\Windows\System32\quartz.dll
0x00007ffe80ab0000 - 0x00007ffe80afd000 	C:\Windows\System32\mfksproxy.dll
0x00007ffe8a5b0000 - 0x00007ffe8a5cd000 	C:\Windows\System32\ATL.DLL
0x00007ffe8f840000 - 0x00007ffe8f9fc000 	C:\Windows\System32\MFPlat.DLL
0x00007ffe8f590000 - 0x00007ffe8f5c0000 	C:\Windows\System32\RTWorkQ.DLL
0x00007ffe808d0000 - 0x00007ffe80937000 	C:\Windows\System32\MFSENSORGROUP.dll
0x00007ffe37ee0000 - 0x00007ffe38371000 	C:\Windows\System32\MFCORE.dll
0x00007ffe94bf0000 - 0x00007ffe94c3b000 	C:\WINDOWS\SYSTEM32\powrprof.dll
0x00007ffe8fec0000 - 0x00007ffe8fec9000 	C:\Windows\System32\ksuser.dll
0x00007ffe94bd0000 - 0x00007ffe94be2000 	C:\WINDOWS\SYSTEM32\UMPDC.dll
0x00007ffe7f650000 - 0x00007ffe7f6c0000 	C:\Windows\System32\FrameServerClient.dll
0x00007ffe8f7f0000 - 0x00007ffe8f7fa000 	C:\Windows\System32\AVRT.dll
0x00007ffe8e1d0000 - 0x00007ffe8e1dd000 	C:\Windows\System32\vidcap.ax
0x00007ffe81b30000 - 0x00007ffe81b57000 	C:\Windows\System32\kswdmcap.ax
0x00007ffe53650000 - 0x00007ffe537bc000 	C:\Windows\System32\MFC42.dll
0x00007ffe65c20000 - 0x00007ffe65d2a000 	C:\Windows\System32\MFReadWrite.dll
0x00007ffe7f3a0000 - 0x00007ffe7f448000 	C:\Windows\System32\qedit.dll
0x00007ffe95bf0000 - 0x00007ffe95cca000 	C:\WINDOWS\System32\COMDLG32.dll
0x00007ffe8e370000 - 0x00007ffe8e519000 	C:\WINDOWS\WinSxS\amd64_microsoft.windows.gdiplus_6595b64144ccf1df_1.1.19041.1288_none_91a663c8cc864906\gdiplus.dll
0x00007ffe62ca0000 - 0x00007ffe62d9b000 	C:\Windows\System32\DDRAW.dll
0x00007ffe8e7f0000 - 0x00007ffe8e7f9000 	C:\Windows\System32\DCIMAN32.dll
0x00007ffe80a80000 - 0x00007ffe80aac000 	C:\Users\Lucas\.javacpp\cache\opencv-windows-x86_64.jar\org\bytedeco\javacpp\windows-x86_64\opencv_highgui320.dll
0x00007ffe7d8f0000 - 0x00007ffe7d928000 	C:\Users\Lucas\.javacpp\cache\opencv-windows-x86_64.jar\org\bytedeco\javacpp\windows-x86_64\jniopencv_highgui.dll
0x00007ffe6e4a0000 - 0x00007ffe6e573000 	C:\Users\Lucas\.javacpp\cache\opencv-windows-x86_64.jar\org\bytedeco\javacpp\windows-x86_64\opencv_ml320.dll
0x00007ffe7c5b0000 - 0x00007ffe7c5f3000 	C:\Users\Lucas\.javacpp\cache\opencv-windows-x86_64.jar\org\bytedeco\javacpp\windows-x86_64\jniopencv_ml.dll
0x00007ffe48f80000 - 0x00007ffe49016000 	C:\Users\Lucas\.javacpp\cache\opencv-windows-x86_64.jar\org\bytedeco\javacpp\windows-x86_64\opencv_objdetect320.dll
0x00007ffe79f40000 - 0x00007ffe79f94000 	C:\Users\Lucas\.javacpp\cache\opencv-windows-x86_64.jar\org\bytedeco\javacpp\windows-x86_64\jniopencv_objdetect.dll
0x00007ffe87a80000 - 0x00007ffe87c64000 	C:\WINDOWS\SYSTEM32\dbghelp.dll

VM Arguments:
jvm_args: -Dfile.encoding=UTF-8 
java_command: controller.Principal
java_class_path (initial): C:\Users\Lucas\Documents\Estudos\APS\APS - Biometria\Projeto\verificacaoBiometrica\Sistema\verificacaoBiometrica\lib\sqlite-jdbc-3.23.1.jar;C:\Program Files\NetBeans 8.2\java\modules\ext\AbsoluteLayout.jar;C:\Users\Lucas\Documents\Estudos\APS\APS - Biometria\Projeto\verificacaoBiometrica\Sistema\verificacaoBiometrica\lib\javacpp.jar;C:\Users\Lucas\Documents\Estudos\APS\APS - Biometria\Projeto\verificacaoBiometrica\Sistema\verificacaoBiometrica\lib\javacv-platform.jar;C:\Users\Lucas\Documents\Estudos\APS\APS - Biometria\Projeto\verificacaoBiometrica\Sistema\verificacaoBiometrica\lib\javacv.jar;C:\Users\Lucas\Documents\Estudos\APS\APS - Biometria\Projeto\verificacaoBiometrica\Sistema\verificacaoBiometrica\lib\opencv-android-arm.jar;C:\Users\Lucas\Documents\Estudos\APS\APS - Biometria\Projeto\verificacaoBiometrica\Sistema\verificacaoBiometrica\lib\opencv-android-x86.jar;C:\Users\Lucas\Documents\Estudos\APS\APS - Biometria\Projeto\verificacaoBiometrica\Sistema\verificacaoBiometrica\lib\opencv-linux-armhf.jar;C:\Users\Lucas\Documents\Estudos\APS\APS - Biometria\Projeto\verificacaoBiometrica\Sistema\verificacaoBiometrica\lib\opencv-linux-ppc64le.jar;C:\Users\Lucas\Documents\Estudos\APS\APS - Biometria\Projeto\verificacaoBiometrica\Sistema\verificacaoBiometrica\lib\opencv-linux-x86.jar;C:\Users\Lucas\Documents\Estudos\APS\APS - Biometria\Projeto\verificacaoBiometrica\Sistema\verificacaoBiometrica\lib\opencv-linux-x86_64.jar;C:\Users\Lucas\Documents\Estudos\APS\APS - Biometria\Projeto\verificacaoBiometrica\Sistema\verificacaoBiometrica\lib\opencv-macosx-x86_64.jar;C:\Users\Lucas\Documents\Estudos\APS\APS - Biometria\Projeto\verificacaoBiometrica\Sistema\verificacaoBiometrica\lib\opencv-platform.jar;C:\Users\Lucas\Documents\Estudos\APS\APS - Biometria\Projeto\verificacaoBiometrica\Sistema\verificacaoBiometrica\lib\opencv-windows-x86.jar;C:\Users\Lucas\Documents\Estudos\APS\APS - Biometria\Projeto\verificacaoBiometrica\Sistema\verificacaoBiometric
Launcher Type: SUN_STANDARD

Environment Variables:
PATH=C:\Program Files (x86)\Common Files\Oracle\Java\javapath;C:\ProgramData\Oracle\Java\javapath;C:\WINDOWS\system32;C:\WINDOWS;C:\WINDOWS\System32\Wbem;C:\WINDOWS\System32\WindowsPowerShell\v1.0\;C:\WINDOWS\System32\OpenSSH\;C:\Program Files (x86)\ATI Technologies\ATI.ACE\Core-Static;C:\Program Files (x86)\Windows Kits\8.0\Windows Performance Toolkit\;C:\Program Files\Git\cmd;C:\Users\Lucas\AppData\Local\Programs\Python\Python39\Scripts\;C:\Users\Lucas\AppData\Local\Programs\Python\Python39\;C:\Users\Lucas\AppData\Local\Microsoft\WindowsApps;C:\Users\Lucas\AppData\Local\GitHubDesktop\bin;C:\Users\Lucas\AppData\Local\Microsoft\WindowsApps;;C:\Users\Lucas\AppData\Local\Programs\Microsoft VS Code\bin;C:\Program Files (x86)\BrowserStackLocal\
USERNAME=Lucas
OS=Windows_NT
PROCESSOR_IDENTIFIER=Intel64 Family 6 Model 23 Stepping 10, GenuineIntel



---------------  S Y S T E M  ---------------

OS: Windows 10.0 , 64 bit Build 19041 (10.0.19041.1202)

CPU:total 2 (2 cores per cpu, 1 threads per core) family 6 model 23 stepping 10, cmov, cx8, fxsr, mmx, sse, sse2, sse3, ssse3, sse4.1, tsc

Memory: 4k page, physical 4193460k(1028892k free), swap 8856320k(2621532k free)

vm_info: Java HotSpot(TM) 64-Bit Server VM (25.111-b14) for windows-amd64 JRE (1.8.0_111-b14), built on Sep 22 2016 19:24:05 by "java_re" with MS VC++ 10.0 (VS2010)

time: Thu Nov 11 20:22:51 2021
elapsed time: 65 seconds (0d 0h 1m 5s)

